<?xml version="1.0" encoding="UTF-8"?>
<!-- Generated by org.testng.reporters.JUnitReportReporter -->
<testsuite skipped="0" hostname="TYSS-4F-052" name="com.restassured.tests.GetWeatherDetailsTest" tests="1" failures="0" timestamp="13 Jun 2018 07:24:25 GMT" time="2.600" errors="0">
  <testcase name="getDetails" time="2.600" classname="com.restassured.tests.GetWeatherDetailsTest"/>
</testsuite> <!-- com.restassured.tests.GetWeatherDetailsTest -->
