<?xml version="1.0" encoding="UTF-8"?>
<!-- Generated by org.testng.reporters.JUnitReportReporter -->
<testsuite skipped="0" hostname="TYSS-4F-052" name="WeatherTest" tests="1" failures="0" timestamp="11 Jun 2018 05:54:52 GMT" time="2.081" errors="0">
  <testcase name="GetWeatherDetails" time="2.081" classname="WeatherTest"/>
</testsuite> <!-- WeatherTest -->
